<?xml version="1.0" encoding="UTF-8"?>
<!-- Generated by org.testng.reporters.JUnitXMLReporter -->
<testsuite hostname="ADMIN-PC" ignored="0" name="OpenDemoCart" tests="1" failures="1" timestamp="2021-03-11T00:28:38 IST" time="148.956" errors="0">
  <testcase name="userRegisterTest" time="10.777" classname="com.qa.opencart.Test.RegisterPageTest">
    <failure type="org.testng.internal.reflect.MethodMatcherException" message="
[public void com.qa.opencart.Test.RegisterPageTest.userRegisterTest(java.lang.String,java.lang.String,java.lang.String,java.lang.String,java.lang.String,java.lang.String,java.lang.String,java.lang.String)] has no parameters defined but was found to be using a data provider (either explicitly specified or inherited from class level annotation).
Data provider mismatch
Method: userRegisterTest([Parameter{index=0, type=java.lang.String, declaredAnnotations=[]}, Parameter{index=1, type=java.lang.String, declaredAnnotations=[]}, Parameter{index=2, type=java.lang.String, declaredAnnotations=[]}, Parameter{index=3, type=java.lang.String, declaredAnnotations=[]}, Parameter{index=4, type=java.lang.String, declaredAnnotations=[]}, Parameter{index=5, type=java.lang.String, declaredAnnotations=[]}, Parameter{index=6, type=java.lang.String, declaredAnnotations=[]}, Parameter{index=7, type=java.lang.String, declaredAnnotations=[]}])
Arguments: [(java.lang.String) Axar,(java.lang.String) Patel,(java.lang.String) axarp23@gamil.com,(java.lang.String) 7889023451,(java.lang.String) Axar@123,(java.lang.String) Yes,(java.lang.String) ##,null,null]">
      <![CDATA[org.testng.internal.reflect.MethodMatcherException: 
[public void com.qa.opencart.Test.RegisterPageTest.userRegisterTest(java.lang.String,java.lang.String,java.lang.String,java.lang.String,java.lang.String,java.lang.String,java.lang.String,java.lang.String)] has no parameters defined but was found to be using a data provider (either explicitly specified or inherited from class level annotation).
Data provider mismatch
Method: userRegisterTest([Parameter{index=0, type=java.lang.String, declaredAnnotations=[]}, Parameter{index=1, type=java.lang.String, declaredAnnotations=[]}, Parameter{index=2, type=java.lang.String, declaredAnnotations=[]}, Parameter{index=3, type=java.lang.String, declaredAnnotations=[]}, Parameter{index=4, type=java.lang.String, declaredAnnotations=[]}, Parameter{index=5, type=java.lang.String, declaredAnnotations=[]}, Parameter{index=6, type=java.lang.String, declaredAnnotations=[]}, Parameter{index=7, type=java.lang.String, declaredAnnotations=[]}])
Arguments: [(java.lang.String) Axar,(java.lang.String) Patel,(java.lang.String) axarp23@gamil.com,(java.lang.String) 7889023451,(java.lang.String) Axar@123,(java.lang.String) Yes,(java.lang.String) ##,null,null]
at java.util.ArrayList.forEach(ArrayList.java:1249)
... Removed 22 stack frames]]>
    </failure>
  </testcase> <!-- userRegisterTest -->
</testsuite> <!-- OpenDemoCart -->
