<?xml version="1.0" encoding="UTF-8"?>
<!-- Generated by org.testng.reporters.JUnitXMLReporter -->
<testsuite ignored="0" hostname="BLRKEC334218L" failures="0" tests="3" name="LoginPageTest" time="61.911" errors="0" timestamp="05 May 2021 16:29:44 GMT">
  <testcase classname="com.qa.opencart.Test.LoginPageTest" name="titleTest" time="0.195"/>
  <testcase classname="com.qa.opencart.Test.LoginPageTest" name="forgotPwdLinkTest" time="8.189"/>
  <testcase classname="com.qa.opencart.Test.LoginPageTest" name="LoginTest" time="43.759"/>
</testsuite> <!-- LoginPageTest -->
