<?xml version="1.0" encoding="UTF-8"?>
<!-- Generated by org.testng.reporters.JUnitXMLReporter -->
<testsuite hostname="ADMIN-PC" ignored="0" name="ProductInfoTest" tests="2" failures="2" timestamp="2021-03-25T18:13:53 IST" time="94.21" errors="0">
  <testcase name="@AfterClass tearDown" time="0.016" classname="com.qa.opencart.Test.ShoppingCartTest">
    <failure type="java.lang.NullPointerException">
      <![CDATA[java.lang.NullPointerException
at com.qa.opencart.Test.ShoppingCartTest.tearDown(ShoppingCartTest.java:56)
at java.util.ArrayList.forEach(ArrayList.java:1249)
... Removed 25 stack frames]]>
    </failure>
  </testcase> <!-- @AfterClass tearDown -->
  <testcase name="verifyCartTableTest" time="9.232" classname="com.qa.opencart.Test.ShoppingCartTest">
    <failure type="java.lang.IndexOutOfBoundsException" message="Index: 0, Size: 0">
      <![CDATA[java.lang.IndexOutOfBoundsException: Index: 0, Size: 0
at java.util.ArrayList.rangeCheck(ArrayList.java:653)
at java.util.ArrayList.get(ArrayList.java:429)
at com.qa.opencart.pages.ProductInfoPage.getProductInformation(ProductInfoPage.java:68)
at com.qa.opencart.Test.ShoppingCartTest.verifyCartTableTest(ShoppingCartTest.java:43)
at java.util.ArrayList.forEach(ArrayList.java:1249)
... Removed 27 stack frames]]>
    </failure>
  </testcase> <!-- verifyCartTableTest -->
  <testcase name="verifyProduct" time="6.869" classname="com.qa.opencart.Test.ShoppingCartTest">
    <failure type="java.lang.IndexOutOfBoundsException" message="Index: 0, Size: 0">
      <![CDATA[java.lang.IndexOutOfBoundsException: Index: 0, Size: 0
at java.util.ArrayList.rangeCheck(ArrayList.java:653)
at java.util.ArrayList.get(ArrayList.java:429)
at com.qa.opencart.pages.ProductInfoPage.getProductInformation(ProductInfoPage.java:68)
at com.qa.opencart.Test.ShoppingCartTest.verifyProduct(ShoppingCartTest.java:28)
at java.util.ArrayList.forEach(ArrayList.java:1249)
... Removed 27 stack frames]]>
    </failure>
  </testcase> <!-- verifyProduct -->
</testsuite> <!-- ProductInfoTest -->
