<?xml version="1.0" encoding="UTF-8"?>
<!-- Generated by org.testng.reporters.JUnitXMLReporter -->
<testsuite hostname="ADMIN-PC" ignored="0" name="ShoppingCartTest" tests="3" failures="0" timestamp="2021-04-03T23:20:23 IST" time="41.958" errors="0">
  <testcase name="@BeforeTest setup" time="36.428" classname="com.qa.opencart.Base.BaseTest">
    <failure type="org.openqa.selenium.WebDriverException" message="unknown error: net::ERR_INTERNET_DISCONNECTED
  (Session info: chrome=89.0.4389.114)
Build info: version: &amp;apos;3.141.59&amp;apos;, revision: &amp;apos;e82be7d358&amp;apos;, time: &amp;apos;2018-11-14T08:17:03&amp;apos;
System info: host: &amp;apos;ADMIN-PC&amp;apos;, ip: &amp;apos;127.0.0.1&amp;apos;, os.name: &amp;apos;Windows 10&amp;apos;, os.arch: &amp;apos;amd64&amp;apos;, os.version: &amp;apos;10.0&amp;apos;, java.version: &amp;apos;1.8.0_131&amp;apos;
Driver info: org.openqa.selenium.chrome.ChromeDriver
Capabilities {acceptInsecureCerts: false, browserName: chrome, browserVersion: 89.0.4389.114, chrome: {chromedriverVersion: 89.0.4389.23 (61b08ee2c5002..., userDataDir: C:\Users\ADMIN\AppData\Loca...}, goog:chromeOptions: {debuggerAddress: localhost:56367}, javascriptEnabled: true, networkConnectionEnabled: false, pageLoadStrategy: normal, platform: WINDOWS, platformName: WINDOWS, proxy: Proxy(), setWindowRect: true, strictFileInteractability: false, timeouts: {implicit: 0, pageLoad: 300000, script: 30000}, unhandledPromptBehavior: dismiss and notify, webauthn:extension:largeBlob: true, webauthn:virtualAuthenticators: true}
Session ID: 1ad29875641f04dbe1dd8f56385935c8">
      <![CDATA[org.openqa.selenium.WebDriverException: unknown error: net::ERR_INTERNET_DISCONNECTED
  (Session info: chrome=89.0.4389.114)
Build info: version: '3.141.59', revision: 'e82be7d358', time: '2018-11-14T08:17:03'
System info: host: 'ADMIN-PC', ip: '127.0.0.1', os.name: 'Windows 10', os.arch: 'amd64', os.version: '10.0', java.version: '1.8.0_131'
Driver info: org.openqa.selenium.chrome.ChromeDriver
Capabilities {acceptInsecureCerts: false, browserName: chrome, browserVersion: 89.0.4389.114, chrome: {chromedriverVersion: 89.0.4389.23 (61b08ee2c5002..., userDataDir: C:\Users\ADMIN\AppData\Loca...}, goog:chromeOptions: {debuggerAddress: localhost:56367}, javascriptEnabled: true, networkConnectionEnabled: false, pageLoadStrategy: normal, platform: WINDOWS, platformName: WINDOWS, proxy: Proxy(), setWindowRect: true, strictFileInteractability: false, timeouts: {implicit: 0, pageLoad: 300000, script: 30000}, unhandledPromptBehavior: dismiss and notify, webauthn:extension:largeBlob: true, webauthn:virtualAuthenticators: true}
Session ID: 1ad29875641f04dbe1dd8f56385935c8
at org.openqa.selenium.remote.http.W3CHttpResponseCodec.createException(W3CHttpResponseCodec.java:187)
at org.openqa.selenium.remote.http.W3CHttpResponseCodec.decode(W3CHttpResponseCodec.java:122)
at org.openqa.selenium.remote.http.W3CHttpResponseCodec.decode(W3CHttpResponseCodec.java:49)
at org.openqa.selenium.remote.HttpCommandExecutor.execute(HttpCommandExecutor.java:158)
at org.openqa.selenium.remote.service.DriverCommandExecutor.execute(DriverCommandExecutor.java:83)
at org.openqa.selenium.remote.RemoteWebDriver.execute(RemoteWebDriver.java:552)
at org.openqa.selenium.remote.RemoteWebDriver.get(RemoteWebDriver.java:277)
at com.qa.opencart.Base.BaseTest.setup(BaseTest.java:42)
... Removed 28 stack frames]]>
    </failure>
  </testcase> <!-- @BeforeTest setup -->
  <testcase name="@BeforeMethod ShoppingCartsetup" time="-1.617472221113E9" classname="com.qa.opencart.Test.ShoppingCartTest">
    <skipped/>
  </testcase> <!-- @BeforeMethod ShoppingCartsetup -->
  <testcase name="@AfterMethod BacktoHome" time="-1.617472221745E9" classname="com.qa.opencart.Test.ShoppingCartTest">
    <skipped/>
  </testcase> <!-- @AfterMethod BacktoHome -->
  <testcase name="@BeforeMethod ShoppingCartsetup" time="-1.617472221793E9" classname="com.qa.opencart.Test.ShoppingCartTest">
    <skipped/>
  </testcase> <!-- @BeforeMethod ShoppingCartsetup -->
  <testcase name="@AfterMethod BacktoHome" time="-1.617472222009E9" classname="com.qa.opencart.Test.ShoppingCartTest">
    <skipped/>
  </testcase> <!-- @AfterMethod BacktoHome -->
  <testcase name="@BeforeMethod ShoppingCartsetup" time="-1.617472222217E9" classname="com.qa.opencart.Test.ShoppingCartTest">
    <skipped/>
  </testcase> <!-- @BeforeMethod ShoppingCartsetup -->
  <testcase name="@AfterMethod BacktoHome" time="-1.617472222521E9" classname="com.qa.opencart.Test.ShoppingCartTest">
    <skipped/>
  </testcase> <!-- @AfterMethod BacktoHome -->
  <testcase name="@AfterClass tearDown" time="-1.617472222545E9" classname="com.qa.opencart.Test.ShoppingCartTest">
    <skipped/>
  </testcase> <!-- @AfterClass tearDown -->
  <testcase name="verifyProduct" time="0.0" classname="com.qa.opencart.Test.ShoppingCartTest">
    <skipped/>
  </testcase> <!-- verifyProduct -->
  <testcase name="verifyCartTableTest" time="0.0" classname="com.qa.opencart.Test.ShoppingCartTest">
    <skipped/>
  </testcase> <!-- verifyCartTableTest -->
  <testcase name="verifyWishList" time="0.0" classname="com.qa.opencart.Test.ShoppingCartTest">
    <skipped/>
  </testcase> <!-- verifyWishList -->
</testsuite> <!-- ShoppingCartTest -->
