<?xml version="1.0" encoding="UTF-8"?>
<!-- Generated by org.testng.reporters.JUnitXMLReporter -->
<testsuite hostname="ADMIN-PC" ignored="0" name="LoginPageTest" tests="3" failures="0" timestamp="2021-03-20T23:10:16 IST" time="111.761" errors="0">
  <testcase name="titleTest" time="2.571" classname="com.qa.opencart.Test.LoginPageTest"/>
  <testcase name="forgotPwdLinkTest" time="2.326" classname="com.qa.opencart.Test.LoginPageTest"/>
  <testcase name="LoginTest" time="15.916" classname="com.qa.opencart.Test.LoginPageTest"/>
</testsuite> <!-- LoginPageTest -->
