<?xml version="1.0" encoding="UTF-8"?>
<!-- Generated by org.testng.reporters.JUnitXMLReporter -->
<testsuite hostname="ADMIN-PC" ignored="0" name="ProductInfoTest" tests="1" failures="1" timestamp="2021-03-20T23:14:46 IST" time="109.241" errors="0">
  <testcase name="productInfoDataTest" time="42.863" classname="com.qa.opencart.Test.ProductInfoTest">
    <failure type="java.lang.IndexOutOfBoundsException" message="Index: 0, Size: 0">
      <![CDATA[java.lang.IndexOutOfBoundsException: Index: 0, Size: 0
at java.util.ArrayList.rangeCheck(ArrayList.java:653)
at java.util.ArrayList.get(ArrayList.java:429)
at com.qa.opencart.pages.ProductInfoPage.getProductInformation(ProductInfoPage.java:66)
at com.qa.opencart.Test.ProductInfoTest.productInfoDataTest(ProductInfoTest.java:23)
at java.util.ArrayList.forEach(ArrayList.java:1249)
... Removed 27 stack frames]]>
    </failure>
  </testcase> <!-- productInfoDataTest -->
</testsuite> <!-- ProductInfoTest -->
